0 info it worked if it ends with ok
1 verbose cli [ 'C:\\nodjs\\node.exe',
1 verbose cli   'C:\\nodjs\\node_modules\\npm\\bin\\npm-cli.js',
1 verbose cli   'start' ]
2 info using npm@3.10.10
3 info using node@v6.11.5
4 verbose run-script [ 'prestart', 'start', 'poststart' ]
5 info lifecycle take-picture-web@0.1.0~prestart: take-picture-web@0.1.0
6 silly lifecycle take-picture-web@0.1.0~prestart: no script for prestart, continuing
7 info lifecycle take-picture-web@0.1.0~start: take-picture-web@0.1.0
8 verbose lifecycle take-picture-web@0.1.0~start: unsafe-perm in lifecycle true
9 verbose lifecycle take-picture-web@0.1.0~start: PATH: C:\nodjs\node_modules\npm\bin\node-gyp-bin;C:\Users\Gino\Documents\react\take-picture-webApp\Take-picture-get-text-web\node_modules\.bin;C:\ProgramData\Oracle\Java\javapath;C:\Program Files (x86)\NVIDIA Corporation\PhysX\Common;C:\WINDOWS\system32;C:\WINDOWS;C:\WINDOWS\System32\Wbem;C:\WINDOWS\System32\WindowsPowerShell\v1.0\;"C:\Program Files\Sublime Text 3";C:\Program Files (x86)\Skype\Phone\;C:\nodjs\;C:\Program Files\Git\cmd;C:\Users\Gino\AppData\Local\Microsoft\WindowsApps;C:\Users\Gino\AppData\Roaming\npm;C:\Users\Gino\AppData\Local\atom\bin
10 verbose lifecycle take-picture-web@0.1.0~start: CWD: C:\Users\Gino\Documents\react\take-picture-webApp\Take-picture-get-text-web
11 silly lifecycle take-picture-web@0.1.0~start: Args: [ '/d /s /c', 'react-scripts start' ]
12 silly lifecycle take-picture-web@0.1.0~start: Returned: code: 1  signal: null
13 info lifecycle take-picture-web@0.1.0~start: Failed to exec start script
14 verbose stack Error: take-picture-web@0.1.0 start: `react-scripts start`
14 verbose stack Exit status 1
14 verbose stack     at EventEmitter.<anonymous> (C:\nodjs\node_modules\npm\lib\utils\lifecycle.js:255:16)
14 verbose stack     at emitTwo (events.js:106:13)
14 verbose stack     at EventEmitter.emit (events.js:191:7)
14 verbose stack     at ChildProcess.<anonymous> (C:\nodjs\node_modules\npm\lib\utils\spawn.js:40:14)
14 verbose stack     at emitTwo (events.js:106:13)
14 verbose stack     at ChildProcess.emit (events.js:191:7)
14 verbose stack     at maybeClose (internal/child_process.js:920:16)
14 verbose stack     at Process.ChildProcess._handle.onexit (internal/child_process.js:230:5)
15 verbose pkgid take-picture-web@0.1.0
16 verbose cwd C:\Users\Gino\Documents\react\take-picture-webApp\Take-picture-get-text-web
17 error Windows_NT 10.0.15063
18 error argv "C:\\nodjs\\node.exe" "C:\\nodjs\\node_modules\\npm\\bin\\npm-cli.js" "start"
19 error node v6.11.5
20 error npm  v3.10.10
21 error code ELIFECYCLE
22 error take-picture-web@0.1.0 start: `react-scripts start`
22 error Exit status 1
23 error Failed at the take-picture-web@0.1.0 start script 'react-scripts start'.
23 error Make sure you have the latest version of node.js and npm installed.
23 error If you do, this is most likely a problem with the take-picture-web package,
23 error not with npm itself.
23 error Tell the author that this fails on your system:
23 error     react-scripts start
23 error You can get information on how to open an issue for this project with:
23 error     npm bugs take-picture-web
23 error Or if that isn't available, you can get their info via:
23 error     npm owner ls take-picture-web
23 error There is likely additional logging output above.
24 verbose exit [ 1, true ]
